#
# There is insufficient memory for the Java Runtime Environment to continue.
# Native memory allocation (mmap) failed to map 41418752 bytes for committing reserved memory.
# Possible reasons:
#   The system is out of physical RAM or swap space
#   In 32 bit mode, the process size limit was hit
# Possible solutions:
#   Reduce memory load on the system
#   Increase physical memory or swap space
#   Check if swap backing store is full
#   Use 64 bit Java on a 64 bit OS
#   Decrease Java heap size (-Xmx/-Xms)
#   Decrease number of Java threads
#   Decrease Java thread stack sizes (-Xss)
#   Set larger code cache with -XX:ReservedCodeCacheSize=
# This output file may be truncated or incomplete.
#
#  Out of Memory Error (os_linux.cpp:2640), pid=21347, tid=0x00007f3b41c4c700
#
# JRE version: Java(TM) SE Runtime Environment (8.0_171-b11) (build 1.8.0_171-b11)
# Java VM: Java HotSpot(TM) 64-Bit Server VM (25.171-b11 mixed mode linux-amd64 compressed oops)
# Failed to write core dump. Core dumps have been disabled. To enable core dumping, try "ulimit -c unlimited" before starting Java again
#

---------------  T H R E A D  ---------------

Current thread (0x00007f3b54106000):  VMThread [stack: 0x00007f3b41b4c000,0x00007f3b41c4d000] [id=21358]

Stack: [0x00007f3b41b4c000,0x00007f3b41c4d000],  sp=0x00007f3b41c4b280,  free space=1020k
Native frames: (J=compiled Java code, j=interpreted, Vv=VM code, C=native code)
V  [libjvm.so+0xacfffa]  VMError::report_and_die()+0x2ba
V  [libjvm.so+0x5005cb]  report_vm_out_of_memory(char const*, int, unsigned long, VMErrorType, char const*)+0x8b
V  [libjvm.so+0x92dd93]  os::Linux::commit_memory_impl(char*, unsigned long, bool)+0x123
V  [libjvm.so+0x92dfb9]  os::pd_commit_memory(char*, unsigned long, unsigned long, bool)+0x29
V  [libjvm.so+0x92527a]  os::commit_memory(char*, unsigned long, unsigned long, bool)+0x2a
V  [libjvm.so+0x99b223]  PSVirtualSpace::expand_by(unsigned long)+0x53
V  [libjvm.so+0x99c628]  PSYoungGen::resize_generation(unsigned long, unsigned long)+0xf8
V  [libjvm.so+0x99b782]  PSYoungGen::resize(unsigned long, unsigned long)+0x22
V  [libjvm.so+0x998a5b]  PSScavenge::invoke_no_policy()+0xf3b
V  [libjvm.so+0x993d05]  PSParallelCompact::invoke(bool)+0x85
V  [libjvm.so+0x487124]  CollectedHeap::collect_as_vm_thread(GCCause::Cause)+0x114
V  [libjvm.so+0xad1481]  VM_CollectForMetadataAllocation::doit()+0x161
V  [libjvm.so+0xad9595]  VM_Operation::evaluate()+0x55
V  [libjvm.so+0xad795a]  VMThread::evaluate_operation(VM_Operation*)+0xba
V  [libjvm.so+0xad7cde]  VMThread::loop()+0x1ce
V  [libjvm.so+0xad8150]  VMThread::run()+0x70
V  [libjvm.so+0x92e0f8]  java_start(Thread*)+0x108

VM_Operation (0x00007f3b38bed3c0): CollectForMetadataAllocation, mode: safepoint, requested by thread 0x00007f3b2c002000


---------------  P R O C E S S  ---------------

Java Threads: ( => current thread )
  0x00007f3b3c0cf800 JavaThread "spring.cloud.inetutils" daemon [_thread_blocked, id=21415, stack(0x00007f3b330ff000,0x00007f3b33200000)]
  0x00007f3b2c002000 JavaThread "localhost-startStop-1" daemon [_thread_blocked, id=21409, stack(0x00007f3b38afc000,0x00007f3b38bfd000)]
  0x00007f3b54eab000 JavaThread "Tomcat-startStop-1" daemon [_thread_blocked, id=21408, stack(0x00007f3b38dfd000,0x00007f3b38efe000)]
  0x00007f3afc01b000 JavaThread "RMI Scheduler(0)" daemon [_thread_blocked, id=21383, stack(0x00007f3b38efe000,0x00007f3b38fff000)]
  0x00007f3b08002000 JavaThread "RMI TCP Connection(1)-127.0.0.1" daemon [_thread_in_native, id=21382, stack(0x00007f3b40274000,0x00007f3b40375000)]
  0x00007f3b1c001000 JavaThread "Attach Listener" daemon [_thread_blocked, id=21380, stack(0x00007f3b40375000,0x00007f3b40476000)]
  0x00007f3b547c2800 JavaThread "RMI TCP Accept-0" daemon [_thread_in_native, id=21378, stack(0x00007f3b40577000,0x00007f3b40678000)]
  0x00007f3b5471f800 JavaThread "Service Thread" daemon [_thread_blocked, id=21377, stack(0x00007f3b40cae000,0x00007f3b40daf000)]
  0x00007f3b5471c000 JavaThread "C1 CompilerThread1" daemon [_thread_blocked, id=21376, stack(0x00007f3b40daf000,0x00007f3b40eb0000)]
  0x00007f3b5471b000 JavaThread "C2 CompilerThread0" daemon [_thread_blocked, id=21375, stack(0x00007f3b40eb0000,0x00007f3b40fb1000)]
  0x00007f3b20001000 JavaThread "JDWP Command Reader" daemon [_thread_in_native, id=21374, stack(0x00007f3b41342000,0x00007f3b41443000)]
  0x00007f3b54158000 JavaThread "JDWP Event Helper Thread" daemon [_thread_blocked, id=21372, stack(0x00007f3b41443000,0x00007f3b41544000)]
  0x00007f3b54154000 JavaThread "JDWP Transport Listener: dt_socket" daemon [_thread_blocked, id=21370, stack(0x00007f3b41544000,0x00007f3b41645000)]
  0x00007f3b54144800 JavaThread "Signal Dispatcher" daemon [_thread_blocked, id=21367, stack(0x00007f3b41849000,0x00007f3b4194a000)]
  0x00007f3b54112000 JavaThread "Finalizer" daemon [_thread_blocked, id=21363, stack(0x00007f3b4194a000,0x00007f3b41a4b000)]
  0x00007f3b5410d800 JavaThread "Reference Handler" daemon [_thread_blocked, id=21361, stack(0x00007f3b41a4b000,0x00007f3b41b4c000)]
  0x00007f3b54015000 JavaThread "main" [_thread_blocked, id=21351, stack(0x00007f3b5a868000,0x00007f3b5a969000)]

Other Threads:
=>0x00007f3b54106000 VMThread [stack: 0x00007f3b41b4c000,0x00007f3b41c4d000] [id=21358]
  0x00007f3b547db000 WatcherThread [stack: 0x00007f3b40476000,0x00007f3b40577000] [id=21379]

VM state:at safepoint (normal execution)

VM Mutex/Monitor currently owned by a thread:  ([mutex/lock_event])
[0x00007f3b540112e0] Threads_lock - owner thread: 0x00007f3b54106000
[0x00007f3b540117e0] Heap_lock - owner thread: 0x00007f3b2c002000

Heap:
 PSYoungGen      total 206336K, used 2837K [0x00000000e6100000, 0x00000000f5980000, 0x0000000100000000)
  eden space 193024K, 0% used [0x00000000e6100000,0x00000000e6100000,0x00000000f1d80000)
  from space 13312K, 21% used [0x00000000f1d80000,0x00000000f2045540,0x00000000f2a80000)
  to   space 9216K, 0% used [0x00000000f2a80000,0x00000000f2a80000,0x00000000f3380000)
 ParOldGen       total 40448K, used 29276K [0x00000000b2200000, 0x00000000b4980000, 0x00000000e6100000)
  object space 40448K, 72% used [0x00000000b2200000,0x00000000b3e97220,0x00000000b4980000)
 Metaspace       used 33698K, capacity 35314K, committed 35456K, reserved 1079296K
  class space    used 4564K, capacity 4880K, committed 4992K, reserved 1048576K

Card table byte_map: [0x00007f3b431a8000,0x00007f3b43418000] byte_map_base: 0x00007f3b42c17000

Marking Bits: (ParMarkBitMap*) 0x00007f3b59d33280
 Begin Bits: [0x00007f3b308b6000, 0x00007f3b31c2e000)
 End Bits:   [0x00007f3b31c2e000, 0x00007f3b32fa6000)

Polling page: 0x00007f3b5a985000

CodeCache: size=245760Kb used=7879Kb max_used=7893Kb free=237880Kb
 bounds [0x00007f3b437d8000, 0x00007f3b43f98000, 0x00007f3b527d8000]
 total_blobs=4158 nmethods=3746 adapters=333
 compilation: enabled

Compilation events (10 events):
Event: 64.545 Thread 0x00007f3b5471c000 3810       1       sun.reflect.generics.parser.SignatureParser::parseFormalParameters (47 bytes)
Event: 64.567 Thread 0x00007f3b5471c000 nmethod 3810 0x00007f3b43f8b710 code [0x00007f3b43f8b8e0, 0x00007f3b43f8bb28]
Event: 64.567 Thread 0x00007f3b5471c000 3809       1       sun.reflect.generics.parser.SignatureParser::parseMethodTypeSignature (41 bytes)
Event: 64.569 Thread 0x00007f3b5471c000 nmethod 3809 0x00007f3b43f8bcd0 code [0x00007f3b43f8be80, 0x00007f3b43f8c208]
Event: 65.992 Thread 0x00007f3b5471c000 3811       1       org.springframework.beans.factory.support.AbstractBeanFactory::hasDestructionAwareBeanPostProcessors (5 bytes)
Event: 66.081 Thread 0x00007f3b5471c000 nmethod 3811 0x00007f3b43f8c410 code [0x00007f3b43f8c560, 0x00007f3b43f8c670]
Event: 74.956 Thread 0x00007f3b5471c000 3812       1       org.springframework.boot.context.properties.bind.JavaBeanBinder$Bean::addMethodIfPossible (75 bytes)
Event: 75.693 Thread 0x00007f3b5471c000 nmethod 3812 0x00007f3b43f8c8d0 code [0x00007f3b43f8ca80, 0x00007f3b43f8cd68]
Event: 75.735 Thread 0x00007f3b5471c000 3813       1       java.util.ArrayList::add (54 bytes)
Event: 76.078 Thread 0x00007f3b5471c000 nmethod 3813 0x00007f3b43f8d110 code [0x00007f3b43f8d2c0, 0x00007f3b43f8d6f8]

GC Heap History (10 events):
Event: 4.278 GC heap after
Heap after GC invocations=7 (full 0):
 PSYoungGen      total 88064K, used 5028K [0x00000000e6100000, 0x00000000f0e00000, 0x0000000100000000)
  eden space 81408K, 0% used [0x00000000e6100000,0x00000000e6100000,0x00000000eb080000)
  from space 6656K, 75% used [0x00000000eb080000,0x00000000eb5692e0,0x00000000eb700000)
  to   space 7168K, 0% used [0x00000000f0700000,0x00000000f0700000,0x00000000f0e00000)
 ParOldGen       total 53248K, used 6262K [0x00000000b2200000, 0x00000000b5600000, 0x00000000e6100000)
  object space 53248K, 11% used [0x00000000b2200000,0x00000000b281d950,0x00000000b5600000)
 Metaspace       used 20566K, capacity 21204K, committed 21296K, reserved 1067008K
  class space    used 2701K, capacity 2899K, committed 2944K, reserved 1048576K
}
Event: 4.278 GC heap before
{Heap before GC invocations=8 (full 1):
 PSYoungGen      total 88064K, used 5028K [0x00000000e6100000, 0x00000000f0e00000, 0x0000000100000000)
  eden space 81408K, 0% used [0x00000000e6100000,0x00000000e6100000,0x00000000eb080000)
  from space 6656K, 75% used [0x00000000eb080000,0x00000000eb5692e0,0x00000000eb700000)
  to   space 7168K, 0% used [0x00000000f0700000,0x00000000f0700000,0x00000000f0e00000)
 ParOldGen       total 53248K, used 6262K [0x00000000b2200000, 0x00000000b5600000, 0x00000000e6100000)
  object space 53248K, 11% used [0x00000000b2200000,0x00000000b281d950,0x00000000b5600000)
 Metaspace       used 20566K, capacity 21204K, committed 21296K, reserved 1067008K
  class space    used 2701K, capacity 2899K, committed 2944K, reserved 1048576K
Event: 4.337 GC heap after
Heap after GC invocations=8 (full 1):
 PSYoungGen      total 88064K, used 0K [0x00000000e6100000, 0x00000000f0e00000, 0x0000000100000000)
  eden space 81408K, 0% used [0x00000000e6100000,0x00000000e6100000,0x00000000eb080000)
  from space 6656K, 0% used [0x00000000eb080000,0x00000000eb080000,0x00000000eb700000)
  to   space 7168K, 0% used [0x00000000f0700000,0x00000000f0700000,0x00000000f0e00000)
 ParOldGen       total 40448K, used 8385K [0x00000000b2200000, 0x00000000b4980000, 0x00000000e6100000)
  object space 40448K, 20% used [0x00000000b2200000,0x00000000b2a30780,0x00000000b4980000)
 Metaspace       used 20566K, capacity 21204K, committed 21296K, reserved 1067008K
  class space    used 2701K, capacity 2899K, committed 2944K, reserved 1048576K
}
Event: 7.355 GC heap before
{Heap before GC invocations=9 (full 1):
 PSYoungGen      total 88064K, used 81408K [0x00000000e6100000, 0x00000000f0e00000, 0x0000000100000000)
  eden space 81408K, 100% used [0x00000000e6100000,0x00000000eb080000,0x00000000eb080000)
  from space 6656K, 0% used [0x00000000eb080000,0x00000000eb080000,0x00000000eb700000)
  to   space 7168K, 0% used [0x00000000f0700000,0x00000000f0700000,0x00000000f0e00000)
 ParOldGen       total 40448K, used 8385K [0x00000000b2200000, 0x00000000b4980000, 0x00000000e6100000)
  object space 40448K, 20% used [0x00000000b2200000,0x00000000b2a30780,0x00000000b4980000)
 Metaspace       used 24588K, capacity 25450K, committed 25600K, reserved 1071104K
  class space    used 3257K, capacity 3466K, committed 3584K, reserved 1048576K
Event: 7.637 GC heap after
Heap after GC invocations=9 (full 1):
 PSYoungGen      total 144896K, used 4968K [0x00000000e6100000, 0x00000000f0c00000, 0x0000000100000000)
  eden space 139776K, 0% used [0x00000000e6100000,0x00000000e6100000,0x00000000ee980000)
  from space 5120K, 97% used [0x00000000f0700000,0x00000000f0bda1a0,0x00000000f0c00000)
  to   space 7168K, 0% used [0x00000000efe00000,0x00000000efe00000,0x00000000f0500000)
 ParOldGen       total 40448K, used 8385K [0x00000000b2200000, 0x00000000b4980000, 0x00000000e6100000)
  object space 40448K, 20% used [0x00000000b2200000,0x00000000b2a30780,0x00000000b4980000)
 Metaspace       used 24588K, capacity 25450K, committed 25600K, reserved 1071104K
  class space    used 3257K, capacity 3466K, committed 3584K, reserved 1048576K
}
Event: 11.045 GC heap before
{Heap before GC invocations=10 (full 1):
 PSYoungGen      total 144896K, used 144744K [0x00000000e6100000, 0x00000000f0c00000, 0x0000000100000000)
  eden space 139776K, 100% used [0x00000000e6100000,0x00000000ee980000,0x00000000ee980000)
  from space 5120K, 97% used [0x00000000f0700000,0x00000000f0bda1a0,0x00000000f0c00000)
  to   space 7168K, 0% used [0x00000000efe00000,0x00000000efe00000,0x00000000f0500000)
 ParOldGen       total 40448K, used 8385K [0x00000000b2200000, 0x00000000b4980000, 0x00000000e6100000)
  object space 40448K, 20% used [0x00000000b2200000,0x00000000b2a30780,0x00000000b4980000)
 Metaspace       used 27485K, capacity 28426K, committed 28544K, reserved 1073152K
  class space    used 3723K, capacity 3952K, committed 3968K, reserved 1048576K
Event: 11.176 GC heap after
Heap after GC invocations=10 (full 1):
 PSYoungGen      total 167936K, used 7152K [0x00000000e6100000, 0x00000000f3380000, 0x0000000100000000)
  eden space 160768K, 0% used [0x00000000e6100000,0x00000000e6100000,0x00000000efe00000)
  from space 7168K, 99% used [0x00000000efe00000,0x00000000f04fc2e8,0x00000000f0500000)
  to   space 9216K, 0% used [0x00000000f2a80000,0x00000000f2a80000,0x00000000f3380000)
 ParOldGen       total 40448K, used 11959K [0x00000000b2200000, 0x00000000b4980000, 0x00000000e6100000)
  object space 40448K, 29% used [0x00000000b2200000,0x00000000b2daded8,0x00000000b4980000)
 Metaspace       used 27485K, capacity 28426K, committed 28544K, reserved 1073152K
  class space    used 3723K, capacity 3952K, committed 3968K, reserved 1048576K
}
Event: 20.075 GC heap before
{Heap before GC invocations=11 (full 1):
 PSYoungGen      total 167936K, used 167920K [0x00000000e6100000, 0x00000000f3380000, 0x0000000100000000)
  eden space 160768K, 100% used [0x00000000e6100000,0x00000000efe00000,0x00000000efe00000)
  from space 7168K, 99% used [0x00000000efe00000,0x00000000f04fc2e8,0x00000000f0500000)
  to   space 9216K, 0% used [0x00000000f2a80000,0x00000000f2a80000,0x00000000f3380000)
 ParOldGen       total 40448K, used 11959K [0x00000000b2200000, 0x00000000b4980000, 0x00000000e6100000)
  object space 40448K, 29% used [0x00000000b2200000,0x00000000b2daded8,0x00000000b4980000)
 Metaspace       used 32472K, capacity 33822K, committed 34176K, reserved 1079296K
  class space    used 4347K, capacity 4640K, committed 4736K, reserved 1048576K
Event: 20.464 GC heap after
Heap after GC invocations=11 (full 1):
 PSYoungGen      total 202240K, used 9185K [0x00000000e6100000, 0x00000000f5980000, 0x0000000100000000)
  eden space 193024K, 0% used [0x00000000e6100000,0x00000000e6100000,0x00000000f1d80000)
  from space 9216K, 99% used [0x00000000f2a80000,0x00000000f3378438,0x00000000f3380000)
  to   space 13312K, 0% used [0x00000000f1d80000,0x00000000f1d80000,0x00000000f2a80000)
 ParOldGen       total 40448K, used 20323K [0x00000000b2200000, 0x00000000b4980000, 0x00000000e6100000)
  object space 40448K, 50% used [0x00000000b2200000,0x00000000b35d8d78,0x00000000b4980000)
 Metaspace       used 32472K, capacity 33822K, committed 34176K, reserved 1079296K
  class space    used 4347K, capacity 4640K, committed 4736K, reserved 1048576K
}
Event: 79.840 GC heap before
{Heap before GC invocations=12 (full 1):
 PSYoungGen      total 202240K, used 74672K [0x00000000e6100000, 0x00000000f5980000, 0x0000000100000000)
  eden space 193024K, 33% used [0x00000000e6100000,0x00000000ea0f3d30,0x00000000f1d80000)
  from space 9216K, 99% used [0x00000000f2a80000,0x00000000f3378438,0x00000000f3380000)
  to   space 13312K, 0% used [0x00000000f1d80000,0x00000000f1d80000,0x00000000f2a80000)
 ParOldGen       total 40448K, used 20323K [0x00000000b2200000, 0x00000000b4980000, 0x00000000e6100000)
  object space 40448K, 50% used [0x00000000b2200000,0x00000000b35d8d78,0x00000000b4980000)
 Metaspace       used 33698K, capacity 35314K, committed 35456K, reserved 1079296K
  class space    used 4564K, capacity 4880K, committed 4992K, reserved 1048576K

Deoptimization events (0 events):
No events

Classes redefined (0 events):
No events

Internal exceptions (10 events):
Event: 66.177 Thread 0x00007f3b2c002000 Exception <a 'java/lang/ClassNotFoundException': org/springframework/cloud/netflix/eureka/metadata/DefaultManagementMetadataProviderCustomizer> (0x00000000e9c06068) thrown at [/HUDSON/workspace/8-2-build-linux-amd64/jdk8u171/10807/hotspot/src/share/vm/cla
Event: 66.178 Thread 0x00007f3b2c002000 Exception <a 'java/lang/ClassNotFoundException': org/springframework/cloud/netflix/eureka/metadata/ManagementMetadataProviderCustomizer> (0x00000000e9c3b470) thrown at [/HUDSON/workspace/8-2-build-linux-amd64/jdk8u171/10807/hotspot/src/share/vm/classfile/
Event: 71.014 Thread 0x00007f3b3c0cf800 Exception <a 'java/net/UnknownHostException'> (0x00000000e9db8968) thrown at [/HUDSON/workspace/8-2-build-linux-amd64/jdk8u171/10807/hotspot/src/share/vm/prims/jni.cpp, line 735]
Event: 73.196 Thread 0x00007f3b2c002000 Exception <a 'java/lang/ClassNotFoundException': java/lang/ObjectCustomizer> (0x00000000e9ccf748) thrown at [/HUDSON/workspace/8-2-build-linux-amd64/jdk8u171/10807/hotspot/src/share/vm/classfile/systemDictionary.cpp, line 210]
Event: 73.197 Thread 0x00007f3b2c002000 Exception <a 'java/lang/ClassNotFoundException': org/springframework/cloud/netflix/eureka/EurekaInstanceConfigBeanCustomizer> (0x00000000e9d00170) thrown at [/HUDSON/workspace/8-2-build-linux-amd64/jdk8u171/10807/hotspot/src/share/vm/classfile/systemDicti
Event: 73.198 Thread 0x00007f3b2c002000 Exception <a 'java/lang/ArrayIndexOutOfBoundsException'> (0x00000000e9d11c38) thrown at [/HUDSON/workspace/8-2-build-linux-amd64/jdk8u171/10807/hotspot/src/share/vm/runtime/sharedRuntime.cpp, line 605]
Event: 73.199 Thread 0x00007f3b2c002000 Exception <a 'java/lang/ArrayIndexOutOfBoundsException'> (0x00000000e9d13c00) thrown at [/HUDSON/workspace/8-2-build-linux-amd64/jdk8u171/10807/hotspot/src/share/vm/runtime/sharedRuntime.cpp, line 605]
Event: 74.331 Thread 0x00007f3b2c002000 Exception <a 'java/lang/ClassNotFoundException': org/springframework/cloud/netflix/eureka/CloudEurekaInstanceConfigCustomizer> (0x00000000e9d8bc50) thrown at [/HUDSON/workspace/8-2-build-linux-amd64/jdk8u171/10807/hotspot/src/share/vm/classfile/systemDict
Event: 74.728 Thread 0x00007f3b2c002000 Exception <a 'java/lang/ClassNotFoundException': org/springframework/context/EnvironmentAwareCustomizer> (0x00000000e9db2fb0) thrown at [/HUDSON/workspace/8-2-build-linux-amd64/jdk8u171/10807/hotspot/src/share/vm/classfile/systemDictionary.cpp, line 210]
Event: 75.136 Thread 0x00007f3b2c002000 Exception <a 'java/lang/ArrayIndexOutOfBoundsException'> (0x00000000e9f5ac68) thrown at [/HUDSON/workspace/8-2-build-linux-amd64/jdk8u171/10807/hotspot/src/share/vm/runtime/sharedRuntime.cpp, line 605]

Events (10 events):
Event: 78.442 Thread 0x00007f3b2c002000 DEOPT UNPACKING pc=0x00007f3b4381f784 sp=0x00007f3b38bef1d0 mode 1
Event: 79.299 loading class com/netflix/discovery/converters/wrappers/CodecWrapperBase
Event: 79.305 loading class com/netflix/discovery/converters/wrappers/CodecWrapperBase done
Event: 79.459 Thread 0x00007f3b2c002000 DEOPT PACKING pc=0x00007f3b439fe649 sp=0x00007f3b38becdd0
Event: 79.533 Thread 0x00007f3b2c002000 DEOPT UNPACKING pc=0x00007f3b4381f784 sp=0x00007f3b38becb40 mode 1
Event: 79.539 Thread 0x00007f3b2c002000 DEOPT PACKING pc=0x00007f3b4399d034 sp=0x00007f3b38bece50
Event: 79.541 Thread 0x00007f3b2c002000 DEOPT UNPACKING pc=0x00007f3b4381f784 sp=0x00007f3b38becc90 mode 1
Event: 79.541 Thread 0x00007f3b2c002000 DEOPT PACKING pc=0x00007f3b4399cf7c sp=0x00007f3b38becfe0
Event: 79.541 Thread 0x00007f3b2c002000 DEOPT UNPACKING pc=0x00007f3b4381f784 sp=0x00007f3b38bece20 mode 1
Event: 79.674 Executing VM operation: CollectForMetadataAllocation


Dynamic libraries:
00400000-00401000 r-xp 00000000 08:01 433150                             /usr/local/jdk1.8.0_171/bin/java
00600000-00601000 rw-p 00000000 08:01 433150                             /usr/local/jdk1.8.0_171/bin/java
00e44000-00e86000 rw-p 00000000 00:00 0                                  [heap]
b2200000-b4980000 rw-p 00000000 00:00 0 
b4980000-e6100000 ---p 00000000 00:00 0 
e6100000-f5980000 rw-p 00000000 00:00 0 
f8100000-100000000 ---p 00000000 00:00 0 
100000000-1004e0000 rw-p 00000000 00:00 0 
1004e0000-140000000 ---p 00000000 00:00 0 
7f3afc000000-7f3afc039000 rw-p 00000000 00:00 0 
7f3afc039000-7f3b00000000 ---p 00000000 00:00 0 
7f3b04000000-7f3b047ea000 rw-p 00000000 00:00 0 
7f3b047ea000-7f3b08000000 ---p 00000000 00:00 0 
7f3b08000000-7f3b08021000 rw-p 00000000 00:00 0 
7f3b08021000-7f3b0c000000 ---p 00000000 00:00 0 
7f3b0c000000-7f3b0c056000 rw-p 00000000 00:00 0 
7f3b0c056000-7f3b10000000 ---p 00000000 00:00 0 
7f3b10000000-7f3b102b7000 rw-p 00000000 00:00 0 
7f3b102b7000-7f3b14000000 ---p 00000000 00:00 0 
7f3b14000000-7f3b1408b000 rw-p 00000000 00:00 0 
7f3b1408b000-7f3b18000000 ---p 00000000 00:00 0 
7f3b18000000-7f3b18021000 rw-p 00000000 00:00 0 
7f3b18021000-7f3b1c000000 ---p 00000000 00:00 0 
7f3b1c000000-7f3b1c021000 rw-p 00000000 00:00 0 
7f3b1c021000-7f3b20000000 ---p 00000000 00:00 0 
7f3b20000000-7f3b20034000 rw-p 00000000 00:00 0 
7f3b20034000-7f3b24000000 ---p 00000000 00:00 0 
7f3b24000000-7f3b24021000 rw-p 00000000 00:00 0 
7f3b24021000-7f3b28000000 ---p 00000000 00:00 0 
7f3b28000000-7f3b28021000 rw-p 00000000 00:00 0 
7f3b28021000-7f3b2c000000 ---p 00000000 00:00 0 
7f3b2c000000-7f3b2c2a9000 rw-p 00000000 00:00 0 
7f3b2c2a9000-7f3b30000000 ---p 00000000 00:00 0 
7f3b30647000-7f3b32fa6000 rw-p 00000000 00:00 0 
7f3b330ff000-7f3b33102000 ---p 00000000 00:00 0 
7f3b33102000-7f3b333c0000 rw-p 00000000 00:00 0 
7f3b333c0000-7f3b33400000 ---p 00000000 00:00 0 
7f3b33400000-7f3b33600000 rw-p 00000000 00:00 0 
7f3b33600000-7f3b33800000 rw-p 00000000 00:00 0 
7f3b33800000-7f3b33a00000 rw-p 00000000 00:00 0 
7f3b33a00000-7f3b33c00000 rw-p 00000000 00:00 0 
7f3b33c00000-7f3b33e00000 rw-p 00000000 00:00 0 
7f3b33e00000-7f3b34000000 rw-p 00000000 00:00 0 
7f3b34000000-7f3b34032000 rw-p 00000000 00:00 0 
7f3b34032000-7f3b38000000 ---p 00000000 00:00 0 
7f3b38042000-7f3b38242000 rw-p 00000000 00:00 0 
7f3b38242000-7f3b38259000 r-xp 00000000 08:01 920152                     /lib/x86_64-linux-gnu/libresolv-2.23.so
7f3b38259000-7f3b38459000 ---p 00017000 08:01 920152                     /lib/x86_64-linux-gnu/libresolv-2.23.so
7f3b38459000-7f3b3845a000 r--p 00017000 08:01 920152                     /lib/x86_64-linux-gnu/libresolv-2.23.so
7f3b3845a000-7f3b3845b000 rw-p 00018000 08:01 920152                     /lib/x86_64-linux-gnu/libresolv-2.23.so
7f3b3845b000-7f3b3845d000 rw-p 00000000 00:00 0 
7f3b3845d000-7f3b38462000 r-xp 00000000 08:01 920097                     /lib/x86_64-linux-gnu/libnss_dns-2.23.so
7f3b38462000-7f3b38662000 ---p 00005000 08:01 920097                     /lib/x86_64-linux-gnu/libnss_dns-2.23.so
7f3b38662000-7f3b38663000 r--p 00005000 08:01 920097                     /lib/x86_64-linux-gnu/libnss_dns-2.23.so
7f3b38663000-7f3b38664000 rw-p 00006000 08:01 920097                     /lib/x86_64-linux-gnu/libnss_dns-2.23.so
7f3b38664000-7f3b38666000 r-xp 00000000 08:01 920105                     /lib/x86_64-linux-gnu/libnss_mdns4_minimal.so.2
7f3b38666000-7f3b38865000 ---p 00002000 08:01 920105                     /lib/x86_64-linux-gnu/libnss_mdns4_minimal.so.2
7f3b38865000-7f3b38866000 r--p 00001000 08:01 920105                     /lib/x86_64-linux-gnu/libnss_mdns4_minimal.so.2
7f3b38866000-7f3b38867000 rw-p 00002000 08:01 920105                     /lib/x86_64-linux-gnu/libnss_mdns4_minimal.so.2
7f3b38867000-7f3b388fc000 r--s 0110b000 08:01 562394                     /usr/local/jdk1.8.0_171/jre/lib/ext/jfxrt.jar
7f3b388fc000-7f3b38afc000 rw-p 00000000 00:00 0 
7f3b38afc000-7f3b38aff000 ---p 00000000 00:00 0 
7f3b38aff000-7f3b38dfd000 rw-p 00000000 00:00 0 
7f3b38dfd000-7f3b38e00000 ---p 00000000 00:00 0 
7f3b38e00000-7f3b38efe000 rw-p 00000000 00:00 0 
7f3b38efe000-7f3b38f01000 ---p 00000000 00:00 0 
7f3b38f01000-7f3b3c000000 rw-p 00000000 00:00 0 
7f3b3c000000-7f3b3c0ea000 rw-p 00000000 00:00 0 
7f3b3c0ea000-7f3b40000000 ---p 00000000 00:00 0 
7f3b40049000-7f3b4004e000 r--s 002f9000 08:01 562382                     /usr/local/jdk1.8.0_171/jre/lib/charsets.jar
7f3b4004e000-7f3b40058000 r--s 00116000 08:01 562400                     /usr/local/jdk1.8.0_171/jre/lib/ext/localedata.jar
7f3b40058000-7f3b40074000 r--s 00393000 08:01 562393                     /usr/local/jdk1.8.0_171/jre/lib/ext/cldrdata.jar
7f3b40074000-7f3b40274000 rw-p 00000000 00:00 0 
7f3b40274000-7f3b40277000 ---p 00000000 00:00 0 
7f3b40277000-7f3b40375000 rw-p 00000000 00:00 0 
7f3b40375000-7f3b40378000 ---p 00000000 00:00 0 
7f3b40378000-7f3b40476000 rw-p 00000000 00:00 0 
7f3b40476000-7f3b40477000 ---p 00000000 00:00 0 
7f3b40477000-7f3b40577000 rw-p 00000000 00:00 0 
7f3b40577000-7f3b4057a000 ---p 00000000 00:00 0 
7f3b4057a000-7f3b40678000 rw-p 00000000 00:00 0 
7f3b40678000-7f3b4067d000 r--s 0009d000 08:01 562389                     /usr/local/jdk1.8.0_171/jre/lib/jsse.jar
7f3b4067d000-7f3b4068e000 r-xp 00000000 08:01 562467                     /usr/local/jdk1.8.0_171/jre/lib/amd64/libnio.so
7f3b4068e000-7f3b4088d000 ---p 00011000 08:01 562467                     /usr/local/jdk1.8.0_171/jre/lib/amd64/libnio.so
7f3b4088d000-7f3b4088e000 rw-p 00010000 08:01 562467                     /usr/local/jdk1.8.0_171/jre/lib/amd64/libnio.so
7f3b4088e000-7f3b40897000 r-xp 00000000 08:01 562472                     /usr/local/jdk1.8.0_171/jre/lib/amd64/libmanagement.so
7f3b40897000-7f3b40a96000 ---p 00009000 08:01 562472                     /usr/local/jdk1.8.0_171/jre/lib/amd64/libmanagement.so
7f3b40a96000-7f3b40a97000 rw-p 00008000 08:01 562472                     /usr/local/jdk1.8.0_171/jre/lib/amd64/libmanagement.so
7f3b40a97000-7f3b40aad000 r-xp 00000000 08:01 562464                     /usr/local/jdk1.8.0_171/jre/lib/amd64/libnet.so
7f3b40aad000-7f3b40cad000 ---p 00016000 08:01 562464                     /usr/local/jdk1.8.0_171/jre/lib/amd64/libnet.so
7f3b40cad000-7f3b40cae000 rw-p 00016000 08:01 562464                     /usr/local/jdk1.8.0_171/jre/lib/amd64/libnet.so
7f3b40cae000-7f3b40cb1000 ---p 00000000 00:00 0 
7f3b40cb1000-7f3b40daf000 rw-p 00000000 00:00 0 
7f3b40daf000-7f3b40db2000 ---p 00000000 00:00 0 
7f3b40db2000-7f3b40eb0000 rw-p 00000000 00:00 0 
7f3b40eb0000-7f3b40eb3000 ---p 00000000 00:00 0 
7f3b40eb3000-7f3b40fb1000 rw-p 00000000 00:00 0 
7f3b40fb1000-7f3b40fb3000 r--s 00001000 07:02 439                        /snap/intellij-idea-ultimate/148/lib/rt/debugger-agent-storage.jar
7f3b40fb5000-7f3b40fbc000 r--s 00066000 07:02 440                        /snap/intellij-idea-ultimate/148/lib/rt/debugger-agent.jar
7f3b40fbc000-7f3b40fbe000 r--s 0001b000 07:02 319                        /snap/intellij-idea-ultimate/148/lib/idea_rt.jar
7f3b40fbe000-7f3b40fc0000 r--s 00006000 08:01 1095732                    /home/liming/maven/LocalWarehouse/org/latencyutils/LatencyUtils/2.0.3/LatencyUtils-2.0.3.jar
7f3b40fc0000-7f3b40fc2000 r--s 0001b000 08:01 1088954                    /home/liming/maven/LocalWarehouse/org/hdrhistogram/HdrHistogram/2.1.10/HdrHistogram-2.1.10.jar
7f3b40fc2000-7f3b40fca000 r--s 0004f000 08:01 836300                     /home/liming/maven/LocalWarehouse/io/micrometer/micrometer-core/1.0.8/micrometer-core-1.0.8.jar
7f3b40fca000-7f3b40fcd000 r--s 00016000 08:01 564346                     /home/liming/maven/LocalWarehouse/com/fasterxml/jackson/datatype/jackson-datatype-jsr310/2.9.7/jackson-datatype-jsr310-2.9.7.jar
7f3b40fcd000-7f3b40fe7000 r--s 000f1000 08:01 1193995                    /home/liming/maven/LocalWarehouse/org/springframework/spring-context/5.0.11.RELEASE/spring-context-5.0.11.RELEASE.jar
7f3b40fe7000-7f3b40ff5000 r--s 00067000 08:01 1097477                    /home/liming/maven/LocalWarehouse/org/springframework/boot/spring-boot-actuator/2.0.7.RELEASE/spring-boot-actuator-2.0.7.RELEASE.jar
7f3b40ff5000-7f3b41002000 r--s 00053000 08:01 1097456                    /home/liming/maven/LocalWarehouse/org/springframework/boot/spring-boot-actuator-autoconfigure/2.0.7.RELEASE/spring-boot-actuator-autoconfigure-2.0.7.RELEASE.jar
7f3b41002000-7f3b41009000 r--s 00042000 08:01 1194435                    /home/liming/maven/LocalWarehouse/org/yaml/snakeyaml/1.19/snakeyaml-1.19.jar
7f3b41009000-7f3b4100b000 r--s 00004000 08:01 1194186                    /home/liming/maven/LocalWarehouse/org/springframework/spring-jcl/5.0.11.RELEASE/spring-jcl-5.0.11.RELEASE.jar
7f3b4100b000-7f3b41023000 r--s 00115000 08:01 1194094                    /home/liming/maven/LocalWarehouse/org/springframework/spring-core/5.0.11.RELEASE/spring-core-5.0.11.RELEASE.jar
7f3b41023000-7f3b41025000 r--s 00005000 08:01 696233                     /home/liming/maven/LocalWarehouse/javax/annotation/javax.annotation-api/1.3.2/javax.annotation-api-1.3.2.jar
7f3b41025000-7f3b41027000 r--s 00000000 08:01 1096010                    /home/liming/maven/LocalWarehouse/org/slf4j/jul-to-slf4j/1.7.25/jul-to-slf4j-1.7.25.jar
7f3b41027000-7f3b4102d000 r--s 00039000 08:01 838146                     /home/liming/maven/LocalWarehouse/org/apache/logging/log4j/log4j-api/2.10.0/log4j-api-2.10.0.jar
7f3b4102d000-7f3b4102f000 r--s 00003000 08:01 838144                     /home/liming/maven/LocalWarehouse/org/apache/logging/log4j/log4j-to-slf4j/2.10.0/log4j-to-slf4j-2.10.0.jar
7f3b4102f000-7f3b4103a000 r--s 00069000 08:01 436073                     /home/liming/maven/LocalWarehouse/ch/qos/logback/logback-core/1.2.3/logback-core-1.2.3.jar
7f3b4103a000-7f3b41040000 r--s 00041000 08:01 436103                     /home/liming/maven/LocalWarehouse/ch/qos/logback/logback-classic/1.2.3/logback-classic-1.2.3.jar
7f3b41040000-7f3b41041000 r--s 00000000 08:01 1097450                    /home/liming/maven/LocalWarehouse/org/springframework/boot/spring-boot-starter-logging/2.0.7.RELEASE/spring-boot-starter-logging-2.0.7.RELEASE.jar
7f3b41041000-7f3b41056000 r--s 000d2000 08:01 1097488                    /home/liming/maven/LocalWarehouse/org/springframework/boot/spring-boot/2.0.7.RELEASE/spring-boot-2.0.7.RELEASE.jar
7f3b41056000-7f3b41057000 r--s 00000000 08:01 1097482                    /home/liming/maven/LocalWarehouse/org/springframework/boot/spring-boot-starter/2.0.7.RELEASE/spring-boot-starter-2.0.7.RELEASE.jar
7f3b41057000-7f3b41058000 r--s 00000000 08:01 1097468                    /home/liming/maven/LocalWarehouse/org/springframework/boot/spring-boot-starter-actuator/2.0.7.RELEASE/spring-boot-starter-actuator-2.0.7.RELEASE.jar
7f3b41058000-7f3b4105c000 r--s 0002a000 08:01 695522                     /home/liming/maven/LocalWarehouse/commons-io/commons-io/2.4/commons-io-2.4.jar
7f3b4105c000-7f3b4105f000 r--s 00013000 08:01 436098                     /home/liming/maven/LocalWarehouse/com/netflix/zuul/zuul-core/1.3.1/zuul-core-1.3.1.jar
7f3b4105f000-7f3b41060000 r--s 00000000 08:01 1095969                    /home/liming/maven/LocalWarehouse/org/reactivestreams/reactive-streams/1.0.2/reactive-streams-1.0.2.jar
7f3b41060000-7f3b41062000 r--s 00003000 08:01 836745                     /home/liming/maven/LocalWarehouse/io/reactivex/rxjava-reactive-streams/1.2.1/rxjava-reactive-streams-1.2.1.jar
7f3b41062000-7f3b41064000 r--s 0000c000 08:01 1097502                    /home/liming/maven/LocalWarehouse/org/ow2/asm/asm/5.0.4/asm-5.0.4.jar
7f3b41064000-7f3b4106c000 r--s 00072000 08:01 838142                     /home/liming/maven/LocalWarehouse/org/apache/commons/commons-lang3/3.7/commons-lang3-3.7.jar
7f3b4106c000-7f3b41072000 r--s 00026000 08:01 436075                     /home/liming/maven/LocalWarehouse/com/netflix/hystrix/hystrix-javanica/1.5.12/hystrix-javanica-1.5.12.jar
7f3b41072000-7f3b41074000 r--s 0000c000 08:01 436097                     /home/liming/maven/LocalWarehouse/com/netflix/hystrix/hystrix-metrics-event-stream/1.5.12/hystrix-metrics-event-stream-1.5.12.jar
7f3b41074000-7f3b41077000 r--s 00021000 08:01 564325                     /home/liming/maven/LocalWarehouse/com/fasterxml/jackson/module/jackson-module-afterburner/2.9.7/jackson-module-afterburner-2.9.7.jar
7f3b41077000-7f3b41079000 r--s 00007000 08:01 436074                     /home/liming/maven/LocalWarehouse/com/netflix/hystrix/hystrix-serialization/1.5.12/hystrix-serialization-1.5.12.jar
7f3b41079000-7f3b41085000 r--s 00068000 08:01 436071                     /home/liming/maven/LocalWarehouse/com/netflix/hystrix/hystrix-core/1.5.12/hystrix-core-1.5.12.jar
7f3b41085000-7f3b41086000 r--s 00000000 08:01 1097479                    /home/liming/maven/LocalWarehouse/org/springframework/cloud/spring-cloud-starter-netflix-hystrix/2.0.2.RELEASE/spring-cloud-starter-netflix-hystrix-2.0.2.RELEASE.jar
7f3b41086000-7f3b4108b000 r--s 00040000 08:01 1194143                    /home/liming/maven/LocalWarehouse/org/springframework/spring-expression/5.0.11.RELEASE/spring-expression-5.0.11.RELEASE.jar
7f3b4108b000-7f3b4109a000 r--s 000b3000 08:01 1194376                    /home/liming/maven/LocalWarehouse/org/springframework/spring-webmvc/5.0.11.RELEASE/spring-webmvc-5.0.11.RELEASE.jar
7f3b4109a000-7f3b410a7000 r--s 00095000 08:01 1193938                    /home/liming/maven/LocalWarehouse/org/springframework/spring-beans/5.0.11.RELEASE/spring-beans-5.0.11.RELEASE.jar
7f3b410a7000-7f3b410c2000 r--s 0011b000 08:01 1194330                    /home/liming/maven/LocalWarehouse/org/springframework/spring-web/5.0.11.RELEASE/spring-web-5.0.11.RELEASE.jar
7f3b410c2000-7f3b410c4000 r--s 0000e000 08:01 562584                     /home/liming/maven/LocalWarehouse/com/fasterxml/classmate/1.3.4/classmate-1.3.4.jar
7f3b410c4000-7f3b410c6000 r--s 0000f000 08:01 1097500                    /home/liming/maven/LocalWarehouse/org/jboss/logging/jboss-logging/3.3.2.Final/jboss-logging-3.3.2.Final.jar
7f3b410c6000-7f3b410cb000 r--s 00012000 08:01 835844                     /home/liming/maven/LocalWarehouse/javax/validation/validation-api/2.0.1.Final/validation-api-2.0.1.Final.jar
7f3b410cb000-7f3b410e8000 r--s 000fe000 08:01 1097498                    /home/liming/maven/LocalWarehouse/org/hibernate/validator/hibernate-validator/6.0.13.Final/hibernate-validator-6.0.13.Final.jar
7f3b410e8000-7f3b410ed000 r--s 0003a000 08:01 838140                     /home/liming/maven/LocalWarehouse/org/apache/tomcat/embed/tomcat-embed-websocket/8.5.35/tomcat-embed-websocket-8.5.35.jar
7f3b410ed000-7f3b410f2000 r--s 00038000 08:01 838138                     /home/liming/maven/LocalWarehouse/org/apache/tomcat/embed/tomcat-embed-el/8.5.35/tomcat-embed-el-8.5.35.jar
7f3b410f2000-7f3b4111c000 r--s 002d7000 08:01 838136                     /home/liming/maven/LocalWarehouse/org/apache/tomcat/embed/tomcat-embed-core/8.5.35/tomcat-embed-core-8.5.35.jar
7f3b4111c000-7f3b4111d000 r--s 00000000 08:01 1097461                    /home/liming/maven/LocalWarehouse/org/springframework/boot/spring-boot-starter-tomcat/2.0.7.RELEASE/spring-boot-starter-tomcat-2.0.7.RELEASE.jar
7f3b4111d000-7f3b4111f000 r--s 00001000 08:01 564328                     /home/liming/maven/LocalWarehouse/com/fasterxml/jackson/module/jackson-module-parameter-names/2.9.7/jackson-module-parameter-names-2.9.7.jar
7f3b4111f000-7f3b41121000 r--s 00007000 08:01 564340                     /home/liming/maven/LocalWarehouse/com/fasterxml/jackson/datatype/jackson-datatype-jdk8/2.9.7/jackson-datatype-jdk8-2.9.7.jar
7f3b41121000-7f3b41122000 r--s 00000000 08:01 1097475                    /home/liming/maven/LocalWarehouse/org/springframework/boot/spring-boot-starter-json/2.0.7.RELEASE/spring-boot-starter-json-2.0.7.RELEASE.jar
7f3b41122000-7f3b41123000 r--s 00000000 08:01 1097480                    /home/liming/maven/LocalWarehouse/org/springframework/boot/spring-boot-starter-web/2.0.7.RELEASE/spring-boot-starter-web-2.0.7.RELEASE.jar
7f3b41123000-7f3b41125000 r--s 00001000 08:01 436054                     /home/liming/maven/LocalWarehouse/com/netflix/netflix-commons/netflix-commons-util/0.3.0/netflix-commons-util-0.3.0.jar
7f3b41125000-7f3b4112a000 r--s 00021000 08:01 1097460                    /home/liming/maven/LocalWarehouse/org/springframework/cloud/spring-cloud-netflix-zuul/2.0.2.RELEASE/spring-cloud-netflix-zuul-2.0.2.RELEASE.jar
7f3b4112a000-7f3b4112b000 r--s 00000000 08:01 1097440                    /home/liming/maven/LocalWarehouse/org/springframework/cloud/spring-cloud-starter-netflix-zuul/2.0.2.RELEASE/spring-cloud-starter-netflix-zuul-2.0.2.RELEASE.jar
7f3b4112b000-7f3b4112d000 r--s 00005000 08:01 836262                     /home/liming/maven/LocalWarehouse/xpp3/xpp3_min/1.1.4c/xpp3_min-1.1.4c.jar
7f3b4112d000-7f3b4112e000 r--s 00001000 08:01 836245                     /home/liming/maven/LocalWarehouse/xmlpull/xmlpull/1.1.3.1/xmlpull-1.1.3.1.jar
7f3b4112e000-7f3b4113c000 r--s 00082000 08:01 436061                     /home/liming/maven/LocalWarehouse/com/thoughtworks/xstream/xstream/1.4.10/xstream-1.4.10.jar
7f3b4113c000-7f3b4113e000 r--s 00009000 08:01 1096105                    /home/liming/maven/LocalWarehouse/org/slf4j/slf4j-api/1.7.25/slf4j-api-1.7.25.jar
7f3b4113e000-7f3b41140000 r--s 00003000 08:01 436081                     /home/liming/maven/LocalWarehouse/com/netflix/ribbon/ribbon-eureka/2.2.5/ribbon-eureka-2.2.5.jar
7f3b41140000-7f3b41159000 r--s 00102000 08:01 836738                     /home/liming/maven/LocalWarehouse/io/reactivex/rxjava/1.3.8/rxjava-1.3.8.jar
7f3b41159000-7f3b4115b000 r--s 00002000 08:01 436089                     /home/liming/maven/LocalWarehouse/com/netflix/netflix-commons/netflix-statistics/0.1.1/netflix-statistics-0.1.1.jar
7f3b4115b000-7f3b4115f000 r--s 00024000 08:01 436072                     /home/liming/maven/LocalWarehouse/com/netflix/ribbon/ribbon-loadbalancer/2.2.5/ribbon-loadbalancer-2.2.5.jar
7f3b4115f000-7f3b4116c000 r--s 00083000 08:01 695230                     /home/liming/maven/LocalWarehouse/commons-collections/commons-collections/3.2.2/commons-collections-3.2.2.jar
7f3b4116c000-7f3b4116e000 r--s 0000c000 08:01 436087                     /home/liming/maven/LocalWarehouse/com/netflix/ribbon/ribbon-httpclient/2.2.5/ribbon-httpclient-2.2.5.jar
7f3b4116e000-7f3b41172000 r--s 00011000 08:01 436093                     /home/liming/maven/LocalWarehouse/com/netflix/ribbon/ribbon-core/2.2.5/ribbon-core-2.2.5.jar
7f3b41172000-7f3b4117c000 r--s 00059000 08:01 836752                     /home/liming/maven/LocalWarehouse/io/reactivex/rxnetty/0.4.9/rxnetty-0.4.9.jar
7f3b4117c000-7f3b4117e000 r--s 00006000 08:01 836766                     /home/liming/maven/LocalWarehouse/io/reactivex/rxnetty-servo/0.4.9/rxnetty-servo-0.4.9.jar
7f3b4117e000-7f3b41181000 r--s 0000b000 08:01 836759                     /home/liming/maven/LocalWarehouse/io/reactivex/rxnetty-contexts/0.4.9/rxnetty-contexts-0.4.9.jar
7f3b41181000-7f3b41182000 r--s 00009000 08:01 436064                     /home/liming/maven/LocalWarehouse/com/netflix/ribbon/ribbon-transport/2.2.5/ribbon-transport-2.2.5.jar
7f3b41182000-7f3b41186000 r--s 00012000 08:01 436077                     /home/liming/maven/LocalWarehouse/com/netflix/ribbon/ribbon/2.2.5/ribbon-2.2.5.jar
7f3b41186000-7f3b41187000 r--s 00000000 08:01 1097455                    /home/liming/maven/LocalWarehouse/org/springframework/cloud/spring-cloud-starter-netflix-ribbon/2.0.2.RELEASE/spring-cloud-starter-netflix-ribbon-2.0.2.RELEASE.jar
7f3b41187000-7f3b4118c000 r--s 00041000 08:01 695579                     /home/liming/maven/LocalWarehouse/commons-lang/commons-lang/2.6/commons-lang-2.6.jar
7f3b4118c000-7f3b41193000 r--s 00050000 08:01 695242                     /home/liming/maven/LocalWarehouse/commons-configuration/commons-configuration/1.8/commons-configuration-1.8.jar
7f3b41193000-7f3b41194000 r--s 00003000 08:01 1097473                    /home/liming/maven/LocalWarehouse/org/springframework/cloud/spring-cloud-netflix-archaius/2.0.2.RELEASE/spring-cloud-netflix-archaius-2.0.2.RELEASE.jar
7f3b41194000-7f3b41198000 r--s 00016000 08:01 1097489                    /home/liming/maven/LocalWarehouse/org/springframework/cloud/spring-cloud-netflix-ribbon/2.0.2.RELEASE/spring-cloud-netflix-ribbon-2.0.2.RELEASE.jar
7f3b41198000-7f3b41199000 r--s 00000000 08:01 1097471                    /home/liming/maven/LocalWarehouse/org/springframework/cloud/spring-cloud-starter-netflix-archaius/2.0.2.RELEASE/spring-cloud-starter-netflix-archaius-2.0.2.RELEASE.jar
7f3b41199000-7f3b4119d000 r--s 00024000 08:01 973461                     /home/liming/maven/LocalWarehouse/org/codehaus/woodstox/stax2-api/3.1.4/stax2-api-3.1.4.jar
7f3b4119d000-7f3b4119f000 r--s 00004000 08:01 697482                     /home/liming/maven/LocalWarehouse/javax/xml/stream/stax-api/1.0-2/stax-api-1.0-2.jar
7f3b4119f000-7f3b411a5000 r--s 00071000 08:01 973459                     /home/liming/maven/LocalWarehouse/org/codehaus/woodstox/woodstox-core-asl/4.4.1/woodstox-core-asl-4.4.1.jar
7f3b411a5000-7f3b411aa000 r--s 00039000 08:01 436068                     /home/liming/maven/LocalWarehouse/com/netflix/eureka/eureka-core/1.9.3/eureka-core-1.9.3.jar
7f3b411aa000-7f3b411bd000 r--s 00137000 08:01 564338                     /home/liming/maven/LocalWarehouse/com/fasterxml/jackson/core/jackson-databind/2.9.7/jackson-databind-2.9.7.jar
7f3b411bd000-7f3b411c1000 r--s 0004c000 08:01 564317                     /home/liming/maven/LocalWarehouse/com/fasterxml/jackson/core/jackson-core/2.9.7/jackson-core-2.9.7.jar
7f3b411c1000-7f3b411c4000 r--s 0000e000 08:01 564334                     /home/liming/maven/LocalWarehouse/com/fasterxml/jackson/core/jackson-annotations/2.9.0/jackson-annotations-2.9.0.jar
7f3b411c4000-7f3b411c9000 r--s 00024000 08:01 436066                     /home/liming/maven/LocalWarehouse/com/github/andrewoma/dexx/dexx-collections/0.2/dexx-collections-0.2.jar
7f3b411c9000-7f3b411ca000 r--s 00004000 08:01 436060                     /home/liming/maven/LocalWarehouse/com/github/vlsi/compactmap/compactmap/1.2.1/compactmap-1.2.1.jar
7f3b411ca000-7f3b411cc000 r--s 00000000 08:01 562909                     /home/liming/maven/LocalWarehouse/aopalliance/aopalliance/1.0/aopalliance-1.0.jar
7f3b411cc000-7f3b411cd000 r--s 00000000 08:01 696272                     /home/liming/maven/LocalWarehouse/javax/inject/javax.inject/1/javax.inject-1.jar
7f3b411cd000-7f3b411db000 r--s 00097000 08:01 564330                     /home/liming/maven/LocalWarehouse/com/google/inject/guice/4.1.0/guice-4.1.0.jar
7f3b411db000-7f3b411e2000 r--s 0004b000 08:01 695148                     /home/liming/maven/LocalWarehouse/commons-codec/commons-codec/1.11/commons-codec-1.11.jar
7f3b411e2000-7f3b411e9000 r--s 00049000 08:01 838134                     /home/liming/maven/LocalWarehouse/org/apache/httpcomponents/httpcore/4.4.10/httpcore-4.4.10.jar
7f3b411e9000-7f3b411f6000 r--s 000af000 08:01 838131                     /home/liming/maven/LocalWarehouse/org/apache/httpcomponents/httpclient/4.5.6/httpclient-4.5.6.jar
7f3b411f6000-7f3b411f8000 r--s 00003000 08:01 436057                     /home/liming/maven/LocalWarehouse/com/sun/jersey/contribs/jersey-apache-client4/1.19.1/jersey-apache-client4-1.19.1.jar
7f3b411f8000-7f3b411fb000 r--s 0001e000 08:01 436059                     /home/liming/maven/LocalWarehouse/com/sun/jersey/jersey-client/1.19.1/jersey-client-1.19.1.jar
7f3b411fb000-7f3b41205000 r--s 00061000 08:01 436069                     /home/liming/maven/LocalWarehouse/com/sun/jersey/jersey-core/1.19.1/jersey-core-1.19.1.jar
7f3b41205000-7f3b4120a000 r--s 00033000 08:01 436095                     /home/liming/maven/LocalWarehouse/com/netflix/servo/servo-core/0.12.21/servo-core-0.12.21.jar
7f3b4120a000-7f3b4120c000 r--s 0000a000 08:01 697481                     /home/liming/maven/LocalWarehouse/javax/ws/rs/jsr311-api/1.1.1/jsr311-api-1.1.1.jar
7f3b4120c000-7f3b41237000 r--s 001f5000 08:01 564335                     /home/liming/maven/LocalWarehouse/com/google/guava/guava/16.0/guava-16.0.jar
7f3b41237000-7f3b4123b000 r--s 0001f000 08:01 436101                     /home/liming/maven/LocalWarehouse/com/netflix/archaius/archaius-core/0.7.6/archaius-core-0.7.6.jar
7f3b4123b000-7f3b4124e000 r--s 000df000 08:01 838130                     /home/liming/maven/LocalWarehouse/org/apache/commons/commons-math/2.2/commons-math-2.2.jar
7f3b4124e000-7f3b41253000 r--s 00036000 08:01 564318                     /home/liming/maven/LocalWarehouse/com/google/code/gson/gson/2.8.5/gson-2.8.5.jar
7f3b41253000-7f3b41258000 r--s 00068000 08:01 562898                     /home/liming/maven/LocalWarehouse/antlr/antlr/2.7.7/antlr-2.7.7.jar
7f3b41258000-7f3b4125b000 r--s 00022000 08:01 972006                     /home/liming/maven/LocalWarehouse/org/antlr/stringtemplate/3.2.1/stringtemplate-3.2.1.jar
7f3b4125b000-7f3b4125f000 r--s 00025000 08:01 971986                     /home/liming/maven/LocalWarehouse/org/antlr/antlr-runtime/3.4/antlr-runtime-3.4.jar
7f3b4125f000-7f3b41270000 r--s 0008a000 08:01 835940                     /home/liming/maven/LocalWarehouse/joda-time/joda-time/2.9.9/joda-time-2.9.9.jar
7f3b41270000-7f3b41276000 r--s 00044000 08:01 695542                     /home/liming/maven/LocalWarehouse/commons-jxpath/commons-jxpath/1.3/commons-jxpath-1.3.jar
7f3b41276000-7f3b41279000 r--s 00016000 08:01 436055                     /home/liming/maven/LocalWarehouse/com/netflix/netflix-commons/netflix-infix/0.3.0/netflix-infix-0.3.0.jar
7f3b41279000-7f3b4127b000 r--s 0000f000 08:01 436053                     /home/liming/maven/LocalWarehouse/com/netflix/netflix-commons/netflix-eventbus/0.3.0/netflix-eventbus-0.3.0.jar
7f3b4127b000-7f3b4127d000 r--s 00005000 08:01 836158                     /home/liming/maven/LocalWarehouse/stax/stax-api/1.0.1/stax-api-1.0.1.jar
7f3b4127d000-7f3b41280000 r--s 00012000 08:01 973457                     /home/liming/maven/LocalWarehouse/org/codehaus/jettison/jettison/1.3.7/jettison-1.3.7.jar
7f3b41280000-7f3b4128a000 r--s 00062000 08:01 436084                     /home/liming/maven/LocalWarehouse/com/netflix/eureka/eureka-client/1.9.3/eureka-client-1.9.3.jar
7f3b4128a000-7f3b4128d000 r--s 00015000 08:01 1097441                    /home/liming/maven/LocalWarehouse/org/springframework/cloud/spring-cloud-netflix-eureka-client/2.0.2.RELEASE/spring-cloud-netflix-eureka-client-2.0.2.RELEASE.jar
7f3b4128d000-7f3b412a6000 r--s 001bf000 08:01 972119                     /home/liming/maven/LocalWarehouse/org/aspectj/aspectjweaver/1.8.13/aspectjweaver-1.8.13.jar
7f3b412a6000-7f3b412af000 r--s 00051000 08:01 1193856                    /home/liming/maven/LocalWarehouse/org/springframework/spring-aop/5.0.11.RELEASE/spring-aop-5.0.11.RELEASE.jar
7f3b412af000-7f3b412d0000 r--s 00101000 08:01 1097458                    /home/liming/maven/LocalWarehouse/org/springframework/boot/spring-boot-autoconfigure/2.0.7.RELEASE/spring-boot-autoconfigure-2.0.7.RELEASE.jar
7f3b412d0000-7f3b412d2000 r--s 00005000 08:01 1097487                    /home/liming/maven/LocalWarehouse/org/springframework/cloud/spring-cloud-netflix-core/2.0.2.RELEASE/spring-cloud-netflix-core-2.0.2.RELEASE.jar
7f3b412d2000-7f3b4132a000 r--s 003a7000 08:01 972154                     /home/liming/maven/LocalWarehouse/org/bouncycastle/bcprov-jdk15on/1.60/bcprov-jdk15on-1.60.jar
7f3b4132a000-7f3b4133d000 r--s 000b0000 08:01 972146                     /home/liming/maven/LocalWarehouse/org/bouncycastle/bcpkix-jdk15on/1.60/bcpkix-jdk15on-1.60.jar
7f3b4133d000-7f3b41342000 r--s 0001b000 08:01 1097449                    /home/liming/maven/LocalWarehouse/org/springframework/cloud/spring-cloud-commons/2.0.2.RELEASE/spring-cloud-commons-2.0.2.RELEASE.jar
7f3b41342000-7f3b41345000 ---p 00000000 00:00 0 
7f3b41345000-7f3b41443000 rw-p 00000000 00:00 0 
7f3b41443000-7f3b41446000 ---p 00000000 00:00 0 
7f3b41446000-7f3b41544000 rw-p 00000000 00:00 0 
7f3b41544000-7f3b41547000 ---p 00000000 00:00 0 
7f3b41547000-7f3b41645000 rw-p 00000000 00:00 0 
7f3b41645000-7f3b41649000 r-xp 00000000 08:01 562427                     /usr/local/jdk1.8.0_171/jre/lib/amd64/libdt_socket.so
7f3b41649000-7f3b41848000 ---p 00004000 08:01 562427                     /usr/local/jdk1.8.0_171/jre/lib/amd64/libdt_socket.so
7f3b41848000-7f3b41849000 rw-p 00003000 08:01 562427                     /usr/local/jdk1.8.0_171/jre/lib/amd64/libdt_socket.so
7f3b41849000-7f3b4184c000 ---p 00000000 00:00 0 
7f3b4184c000-7f3b4194a000 rw-p 00000000 00:00 0 
7f3b4194a000-7f3b4194d000 ---p 00000000 00:00 0 
7f3b4194d000-7f3b41a4b000 rw-p 00000000 00:00 0 
7f3b41a4b000-7f3b41a4e000 ---p 00000000 00:00 0 
7f3b41a4e000-7f3b41b4c000 rw-p 00000000 00:00 0 
7f3b41b4c000-7f3b41b4d000 ---p 00000000 00:00 0 
7f3b41b4d000-7f3b42556000 rw-p 00000000 00:00 0 
7f3b42556000-7f3b42730000 r--s 03d68000 08:01 562384                     /usr/local/jdk1.8.0_171/jre/lib/rt.jar
7f3b42730000-7f3b42fa6000 rw-p 00000000 00:00 0 
7f3b42fa6000-7f3b42fa7000 ---p 00000000 00:00 0 
7f3b42fa7000-7f3b430a7000 rw-p 00000000 00:00 0 
7f3b430a7000-7f3b430a8000 ---p 00000000 00:00 0 
7f3b430a8000-7f3b431bc000 rw-p 00000000 00:00 0 
7f3b431bc000-7f3b43347000 ---p 00000000 00:00 0 
7f3b43347000-7f3b433c4000 rw-p 00000000 00:00 0 
7f3b433c4000-7f3b43417000 ---p 00000000 00:00 0 
7f3b43417000-7f3b43437000 rw-p 00000000 00:00 0 
7f3b43437000-7f3b437d8000 ---p 00000000 00:00 0 
7f3b437d8000-7f3b43f98000 rwxp 00000000 00:00 0 
7f3b43f98000-7f3b527d8000 ---p 00000000 00:00 0 
7f3b527d8000-7f3b527f3000 r-xp 00000000 08:01 562460                     /usr/local/jdk1.8.0_171/jre/lib/amd64/libzip.so
7f3b527f3000-7f3b529f3000 ---p 0001b000 08:01 562460                     /usr/local/jdk1.8.0_171/jre/lib/amd64/libzip.so
7f3b529f3000-7f3b529f4000 rw-p 0001b000 08:01 562460                     /usr/local/jdk1.8.0_171/jre/lib/amd64/libzip.so
7f3b529f4000-7f3b529ff000 r-xp 00000000 08:01 920099                     /lib/x86_64-linux-gnu/libnss_files-2.23.so
7f3b529ff000-7f3b52bfe000 ---p 0000b000 08:01 920099                     /lib/x86_64-linux-gnu/libnss_files-2.23.so
7f3b52bfe000-7f3b52bff000 r--p 0000a000 08:01 920099                     /lib/x86_64-linux-gnu/libnss_files-2.23.so
7f3b52bff000-7f3b52c00000 rw-p 0000b000 08:01 920099                     /lib/x86_64-linux-gnu/libnss_files-2.23.so
7f3b52c00000-7f3b52c06000 rw-p 00000000 00:00 0 
7f3b52c06000-7f3b52c11000 r-xp 00000000 08:01 920109                     /lib/x86_64-linux-gnu/libnss_nis-2.23.so
7f3b52c11000-7f3b52e10000 ---p 0000b000 08:01 920109                     /lib/x86_64-linux-gnu/libnss_nis-2.23.so
7f3b52e10000-7f3b52e11000 r--p 0000a000 08:01 920109                     /lib/x86_64-linux-gnu/libnss_nis-2.23.so
7f3b52e11000-7f3b52e12000 rw-p 0000b000 08:01 920109                     /lib/x86_64-linux-gnu/libnss_nis-2.23.so
7f3b52e12000-7f3b52e28000 r-xp 00000000 08:01 920093                     /lib/x86_64-linux-gnu/libnsl-2.23.so
7f3b52e28000-7f3b53027000 ---p 00016000 08:01 920093                     /lib/x86_64-linux-gnu/libnsl-2.23.so
7f3b53027000-7f3b53028000 r--p 00015000 08:01 920093                     /lib/x86_64-linux-gnu/libnsl-2.23.so
7f3b53028000-7f3b53029000 rw-p 00016000 08:01 920093                     /lib/x86_64-linux-gnu/libnsl-2.23.so
7f3b53029000-7f3b5302b000 rw-p 00000000 00:00 0 
7f3b5302b000-7f3b53033000 r-xp 00000000 08:01 920095                     /lib/x86_64-linux-gnu/libnss_compat-2.23.so
7f3b53033000-7f3b53232000 ---p 00008000 08:01 920095                     /lib/x86_64-linux-gnu/libnss_compat-2.23.so
7f3b53232000-7f3b53233000 r--p 00007000 08:01 920095                     /lib/x86_64-linux-gnu/libnss_compat-2.23.so
7f3b53233000-7f3b53234000 rw-p 00008000 08:01 920095                     /lib/x86_64-linux-gnu/libnss_compat-2.23.so
7f3b53234000-7f3b5323e000 r-xp 00000000 08:01 562469                     /usr/local/jdk1.8.0_171/jre/lib/amd64/libinstrument.so
7f3b5323e000-7f3b5343d000 ---p 0000a000 08:01 562469                     /usr/local/jdk1.8.0_171/jre/lib/amd64/libinstrument.so
7f3b5343d000-7f3b5343e000 rw-p 00009000 08:01 562469                     /usr/local/jdk1.8.0_171/jre/lib/amd64/libinstrument.so
7f3b5343e000-7f3b53dfd000 r--p 00000000 08:01 270291                     /usr/lib/locale/locale-archive
7f3b53dfd000-7f3b53dff000 r-xp 00000000 08:01 562429                     /usr/local/jdk1.8.0_171/jre/lib/amd64/libnpt.so
7f3b53dff000-7f3b53fff000 ---p 00002000 08:01 562429                     /usr/local/jdk1.8.0_171/jre/lib/amd64/libnpt.so
7f3b53fff000-7f3b54000000 rw-p 00002000 08:01 562429                     /usr/local/jdk1.8.0_171/jre/lib/amd64/libnpt.so
7f3b54000000-7f3b54eb1000 rw-p 00000000 00:00 0 
7f3b54eb1000-7f3b58000000 ---p 00000000 00:00 0 
7f3b58000000-7f3b58001000 r--s 00000000 08:01 1097459                    /home/liming/maven/LocalWarehouse/org/springframework/boot/spring-boot-starter-aop/2.0.7.RELEASE/spring-boot-starter-aop-2.0.7.RELEASE.jar
7f3b58001000-7f3b58002000 r--s 00004000 08:01 1097442                    /home/liming/maven/LocalWarehouse/org/springframework/security/spring-security-rsa/1.0.7.RELEASE/spring-security-rsa-1.0.7.RELEASE.jar
7f3b58002000-7f3b58004000 r--s 00010000 08:01 1097444                    /home/liming/maven/LocalWarehouse/org/springframework/security/spring-security-crypto/5.0.10.RELEASE/spring-security-crypto-5.0.10.RELEASE.jar
7f3b58004000-7f3b58007000 r--s 00017000 08:01 1097445                    /home/liming/maven/LocalWarehouse/org/springframework/cloud/spring-cloud-context/2.0.2.RELEASE/spring-cloud-context-2.0.2.RELEASE.jar
7f3b58007000-7f3b58008000 r--s 00000000 08:01 1097485                    /home/liming/maven/LocalWarehouse/org/springframework/cloud/spring-cloud-starter/2.0.2.RELEASE/spring-cloud-starter-2.0.2.RELEASE.jar
7f3b58008000-7f3b58009000 r--s 00000000 08:01 1097437                    /home/liming/maven/LocalWarehouse/org/springframework/cloud/spring-cloud-starter-netflix-eureka-client/2.0.2.RELEASE/spring-cloud-starter-netflix-eureka-client-2.0.2.RELEASE.jar
7f3b58009000-7f3b5801c000 r--s 00345000 08:01 562388                     /usr/local/jdk1.8.0_171/jre/lib/resources.jar
7f3b5801c000-7f3b5802f000 r--s 000d6000 08:01 562371                     /usr/local/jdk1.8.0_171/jre/lib/plugin.jar
7f3b5802f000-7f3b58030000 r--s 00000000 08:01 562364                     /usr/local/jdk1.8.0_171/jre/lib/management-agent.jar
7f3b58030000-7f3b58035000 r--s 0009d000 08:01 562389                     /usr/local/jdk1.8.0_171/jre/lib/jsse.jar
7f3b58035000-7f3b58037000 r--s 00007000 08:01 562482                     /usr/local/jdk1.8.0_171/jre/lib/jfxswt.jar
7f3b58037000-7f3b5803c000 r--s 00084000 08:01 562357                     /usr/local/jdk1.8.0_171/jre/lib/jfr.jar
7f3b5803c000-7f3b58050000 rw-p 00000000 00:00 0 
7f3b58050000-7f3b581dc000 ---p 00000000 00:00 0 
7f3b581dc000-7f3b58216000 r-xp 00000000 08:01 562447                     /usr/local/jdk1.8.0_171/jre/lib/amd64/libjdwp.so
7f3b58216000-7f3b58415000 ---p 0003a000 08:01 562447                     /usr/local/jdk1.8.0_171/jre/lib/amd64/libjdwp.so
7f3b58415000-7f3b58416000 rw-p 00039000 08:01 562447                     /usr/local/jdk1.8.0_171/jre/lib/amd64/libjdwp.so
7f3b58416000-7f3b58417000 rw-p 00000000 00:00 0 
7f3b58417000-7f3b58442000 r-xp 00000000 08:01 562454                     /usr/local/jdk1.8.0_171/jre/lib/amd64/libjava.so
7f3b58442000-7f3b58641000 ---p 0002b000 08:01 562454                     /usr/local/jdk1.8.0_171/jre/lib/amd64/libjava.so
7f3b58641000-7f3b58643000 rw-p 0002a000 08:01 562454                     /usr/local/jdk1.8.0_171/jre/lib/amd64/libjava.so
7f3b58643000-7f3b58650000 r-xp 00000000 08:01 562459                     /usr/local/jdk1.8.0_171/jre/lib/amd64/libverify.so
7f3b58650000-7f3b58850000 ---p 0000d000 08:01 562459                     /usr/local/jdk1.8.0_171/jre/lib/amd64/libverify.so
7f3b58850000-7f3b58852000 rw-p 0000d000 08:01 562459                     /usr/local/jdk1.8.0_171/jre/lib/amd64/libverify.so
7f3b58852000-7f3b58859000 r-xp 00000000 08:01 920154                     /lib/x86_64-linux-gnu/librt-2.23.so
7f3b58859000-7f3b58a58000 ---p 00007000 08:01 920154                     /lib/x86_64-linux-gnu/librt-2.23.so
7f3b58a58000-7f3b58a59000 r--p 00006000 08:01 920154                     /lib/x86_64-linux-gnu/librt-2.23.so
7f3b58a59000-7f3b58a5a000 rw-p 00007000 08:01 920154                     /lib/x86_64-linux-gnu/librt-2.23.so
7f3b58a5a000-7f3b58b62000 r-xp 00000000 08:01 920070                     /lib/x86_64-linux-gnu/libm-2.23.so
7f3b58b62000-7f3b58d61000 ---p 00108000 08:01 920070                     /lib/x86_64-linux-gnu/libm-2.23.so
7f3b58d61000-7f3b58d62000 r--p 00107000 08:01 920070                     /lib/x86_64-linux-gnu/libm-2.23.so
7f3b58d62000-7f3b58d63000 rw-p 00108000 08:01 920070                     /lib/x86_64-linux-gnu/libm-2.23.so
7f3b58d63000-7f3b59a3c000 r-xp 00000000 08:01 562436                     /usr/local/jdk1.8.0_171/jre/lib/amd64/server/libjvm.so
7f3b59a3c000-7f3b59c3b000 ---p 00cd9000 08:01 562436                     /usr/local/jdk1.8.0_171/jre/lib/amd64/server/libjvm.so
7f3b59c3b000-7f3b59d15000 rw-p 00cd8000 08:01 562436                     /usr/local/jdk1.8.0_171/jre/lib/amd64/server/libjvm.so
7f3b59d15000-7f3b59d60000 rw-p 00000000 00:00 0 
7f3b59d60000-7f3b59f20000 r-xp 00000000 08:01 920000                     /lib/x86_64-linux-gnu/libc-2.23.so
7f3b59f20000-7f3b5a120000 ---p 001c0000 08:01 920000                     /lib/x86_64-linux-gnu/libc-2.23.so
7f3b5a120000-7f3b5a124000 r--p 001c0000 08:01 920000                     /lib/x86_64-linux-gnu/libc-2.23.so
7f3b5a124000-7f3b5a126000 rw-p 001c4000 08:01 920000                     /lib/x86_64-linux-gnu/libc-2.23.so
7f3b5a126000-7f3b5a12a000 rw-p 00000000 00:00 0 
7f3b5a12a000-7f3b5a12d000 r-xp 00000000 08:01 920024                     /lib/x86_64-linux-gnu/libdl-2.23.so
7f3b5a12d000-7f3b5a32c000 ---p 00003000 08:01 920024                     /lib/x86_64-linux-gnu/libdl-2.23.so
7f3b5a32c000-7f3b5a32d000 r--p 00002000 08:01 920024                     /lib/x86_64-linux-gnu/libdl-2.23.so
7f3b5a32d000-7f3b5a32e000 rw-p 00003000 08:01 920024                     /lib/x86_64-linux-gnu/libdl-2.23.so
7f3b5a32e000-7f3b5a344000 r-xp 00000000 08:01 561817                     /usr/local/jdk1.8.0_171/lib/amd64/jli/libjli.so
7f3b5a344000-7f3b5a543000 ---p 00016000 08:01 561817                     /usr/local/jdk1.8.0_171/lib/amd64/jli/libjli.so
7f3b5a543000-7f3b5a544000 rw-p 00015000 08:01 561817                     /usr/local/jdk1.8.0_171/lib/amd64/jli/libjli.so
7f3b5a544000-7f3b5a55c000 r-xp 00000000 08:01 920146                     /lib/x86_64-linux-gnu/libpthread-2.23.so
7f3b5a55c000-7f3b5a75b000 ---p 00018000 08:01 920146                     /lib/x86_64-linux-gnu/libpthread-2.23.so
7f3b5a75b000-7f3b5a75c000 r--p 00017000 08:01 920146                     /lib/x86_64-linux-gnu/libpthread-2.23.so
7f3b5a75c000-7f3b5a75d000 rw-p 00018000 08:01 920146                     /lib/x86_64-linux-gnu/libpthread-2.23.so
7f3b5a75d000-7f3b5a761000 rw-p 00000000 00:00 0 
7f3b5a761000-7f3b5a787000 r-xp 00000000 08:01 919972                     /lib/x86_64-linux-gnu/ld-2.23.so
7f3b5a787000-7f3b5a78a000 r--s 0001a000 08:01 562480                     /usr/local/jdk1.8.0_171/jre/lib/jce.jar
7f3b5a78a000-7f3b5a7a5000 r--s 0020c000 08:01 562358                     /usr/local/jdk1.8.0_171/jre/lib/deploy.jar
7f3b5a7a5000-7f3b5a868000 rw-p 00000000 00:00 0 
7f3b5a868000-7f3b5a86b000 ---p 00000000 00:00 0 
7f3b5a86b000-7f3b5a96e000 rw-p 00000000 00:00 0 
7f3b5a96e000-7f3b5a977000 r--s 0006d000 08:01 562367                     /usr/local/jdk1.8.0_171/jre/lib/javaws.jar
7f3b5a977000-7f3b5a97c000 r--s 002f9000 08:01 562382                     /usr/local/jdk1.8.0_171/jre/lib/charsets.jar
7f3b5a97c000-7f3b5a984000 rw-s 00000000 08:01 970526                     /tmp/hsperfdata_liming/21347
7f3b5a984000-7f3b5a985000 rw-p 00000000 00:00 0 
7f3b5a985000-7f3b5a986000 ---p 00000000 00:00 0 
7f3b5a986000-7f3b5a987000 r--p 00025000 08:01 919972                     /lib/x86_64-linux-gnu/ld-2.23.so
7f3b5a987000-7f3b5a988000 rw-p 00026000 08:01 919972                     /lib/x86_64-linux-gnu/ld-2.23.so
7f3b5a988000-7f3b5a989000 rw-p 00000000 00:00 0 
7ffcd8d8a000-7ffcd8daf000 rw-p 00000000 00:00 0                          [stack]
7ffcd8dd3000-7ffcd8dd6000 r--p 00000000 00:00 0                          [vvar]
7ffcd8dd6000-7ffcd8dd8000 r-xp 00000000 00:00 0                          [vdso]
ffffffffff600000-ffffffffff601000 r-xp 00000000 00:00 0                  [vsyscall]

VM Arguments:
jvm_args: -agentlib:jdwp=transport=dt_socket,address=127.0.0.1:44739,suspend=y,server=n -XX:TieredStopAtLevel=1 -Xverify:none -Dspring.output.ansi.enabled=always -Dcom.sun.management.jmxremote -Dspring.jmx.enabled=true -Dspring.liveBeansView.mbeanDomain -Dspring.application.admin.enabled=true -javaagent:/snap/intellij-idea-ultimate/148/lib/rt/debugger-agent.jar -Dfile.encoding=UTF-8 
java_command: com.leyou.lmhitysu.LyGateWayApplication
java_class_path (initial): /usr/local/jdk1.8.0_171/jre/lib/charsets.jar:/usr/local/jdk1.8.0_171/jre/lib/deploy.jar:/usr/local/jdk1.8.0_171/jre/lib/ext/cldrdata.jar:/usr/local/jdk1.8.0_171/jre/lib/ext/dnsns.jar:/usr/local/jdk1.8.0_171/jre/lib/ext/jaccess.jar:/usr/local/jdk1.8.0_171/jre/lib/ext/jfxrt.jar:/usr/local/jdk1.8.0_171/jre/lib/ext/localedata.jar:/usr/local/jdk1.8.0_171/jre/lib/ext/nashorn.jar:/usr/local/jdk1.8.0_171/jre/lib/ext/sunec.jar:/usr/local/jdk1.8.0_171/jre/lib/ext/sunjce_provider.jar:/usr/local/jdk1.8.0_171/jre/lib/ext/sunpkcs11.jar:/usr/local/jdk1.8.0_171/jre/lib/ext/zipfs.jar:/usr/local/jdk1.8.0_171/jre/lib/javaws.jar:/usr/local/jdk1.8.0_171/jre/lib/jce.jar:/usr/local/jdk1.8.0_171/jre/lib/jfr.jar:/usr/local/jdk1.8.0_171/jre/lib/jfxswt.jar:/usr/local/jdk1.8.0_171/jre/lib/jsse.jar:/usr/local/jdk1.8.0_171/jre/lib/management-agent.jar:/usr/local/jdk1.8.0_171/jre/lib/plugin.jar:/usr/local/jdk1.8.0_171/jre/lib/resources.jar:/usr/local/jdk1.8.0_171/jre/lib/rt.jar:/home/liming/IDEAProjects/leyou/ly-api-gateway/target/classes:/home/liming/maven/LocalWarehouse/org/springframework/cloud/spring-cloud-starter-netflix-eureka-client/2.0.2.RELEASE/spring-cloud-starter-netflix-eureka-client-2.0.2.RELEASE.jar:/home/liming/maven/LocalWarehouse/org/springframework/cloud/spring-cloud-starter/2.0.2.RELEASE/spring-cloud-starter-2.0.2.RELEASE.jar:/home/liming/maven/LocalWarehouse/org/springframework/cloud/spring-cloud-context/2.0.2.RELEASE/spring-cloud-context-2.0.2.RELEASE.jar:/home/liming/maven/LocalWarehouse/org/springframework/security/spring-security-crypto/5.0.10.RELEASE/spring-security-crypto-5.0.10.RELEASE.jar:/home/liming/maven/LocalWarehouse/org/springframework/cloud/spring-cloud-commons/2.0.2.RELEASE/spring-cloud-commons-2.0.2.RELEASE.jar:/home/liming/maven/LocalWarehouse/org/springframework/security/spring-security-rsa/1.0.7.RELEASE/spring-security-rsa-1.0.7.RELEASE.jar:/home/liming/maven/LocalWarehouse/org/bouncycastle/bcpkix-jdk15on/1.60/bcpkix-jdk15on-1.6
Launcher Type: SUN_STANDARD

Environment Variables:
JAVA_HOME=/usr/local/jdk1.8.0_171
JRE_HOME=/usr/local/jdk1.8.0_171/jre
CLASSPATH=/snap/intellij-idea-ultimate/148/lib/bootstrap.jar:/snap/intellij-idea-ultimate/148/lib/extensions.jar:/snap/intellij-idea-ultimate/148/lib/util.jar:/snap/intellij-idea-ultimate/148/lib/jdom.jar:/snap/intellij-idea-ultimate/148/lib/log4j.jar:/snap/intellij-idea-ultimate/148/lib/trove4j.jar:/snap/intellij-idea-ultimate/148/lib/jna.jar:/snap/intellij-idea-ultimate/148/jre64/lib/tools.jar
PATH=/home/liming/bin:/home/liming/.local/bin:/usr/local/jdk1.8.0_171/bin:/usr/local/sbin:/usr/local/bin:/usr/sbin:/usr/bin:/sbin:/bin:/usr/games:/usr/local/games:/snap/bin
SHELL=/bin/bash
DISPLAY=:0

Signal Handlers:
SIGSEGV: [libjvm.so+0xad0890], sa_mask[0]=11111111011111111101111111111110, sa_flags=SA_RESTART|SA_SIGINFO
SIGBUS: [libjvm.so+0xad0890], sa_mask[0]=11111111011111111101111111111110, sa_flags=SA_RESTART|SA_SIGINFO
SIGFPE: [libjvm.so+0x928640], sa_mask[0]=11111111011111111101111111111110, sa_flags=SA_RESTART|SA_SIGINFO
SIGPIPE: [libjvm.so+0x928640], sa_mask[0]=11111111011111111101111111111110, sa_flags=SA_RESTART|SA_SIGINFO
SIGXFSZ: [libjvm.so+0x928640], sa_mask[0]=11111111011111111101111111111110, sa_flags=SA_RESTART|SA_SIGINFO
SIGILL: [libjvm.so+0x928640], sa_mask[0]=11111111011111111101111111111110, sa_flags=SA_RESTART|SA_SIGINFO
SIGUSR1: SIG_DFL, sa_mask[0]=00000000000000000000000000000000, sa_flags=none
SIGUSR2: [libjvm.so+0x929ea0], sa_mask[0]=00100000000000000000000000000000, sa_flags=SA_RESTART|SA_SIGINFO
SIGHUP: [libjvm.so+0x92b2a0], sa_mask[0]=11111111011111111101111111111110, sa_flags=SA_RESTART|SA_SIGINFO
SIGINT: [libjvm.so+0x92b2a0], sa_mask[0]=11111111011111111101111111111110, sa_flags=SA_RESTART|SA_SIGINFO
SIGTERM: [libjvm.so+0x92b2a0], sa_mask[0]=11111111011111111101111111111110, sa_flags=SA_RESTART|SA_SIGINFO
SIGQUIT: [libjvm.so+0x92b2a0], sa_mask[0]=11111111011111111101111111111110, sa_flags=SA_RESTART|SA_SIGINFO


---------------  S Y S T E M  ---------------

OS:DISTRIB_ID=Ubuntu
DISTRIB_RELEASE=16.04
DISTRIB_CODENAME=xenial
DISTRIB_DESCRIPTION="Ubuntu 16.04.5 LTS"

uname:Linux 4.15.0-50-generic #54~16.04.1-Ubuntu SMP Wed May 8 15:55:19 UTC 2019 x86_64
libc:glibc 2.23 NPTL 2.23 
rlimit: STACK 8192k, CORE 0k, NPROC 19697, NOFILE 1048576, AS infinity
load average:20.24 7.19 3.05

/proc/meminfo:
MemTotal:        5103124 kB
MemFree:           98048 kB
MemAvailable:       4148 kB
Buffers:             508 kB
Cached:            41472 kB
SwapCached:          764 kB
Active:          3180648 kB
Inactive:         639744 kB
Active(anon):    3180136 kB
Inactive(anon):   636112 kB
Active(file):        512 kB
Inactive(file):     3632 kB
Unevictable:          64 kB
Mlocked:              64 kB
SwapTotal:        998396 kB
SwapFree:              0 kB
Dirty:               120 kB
Writeback:             0 kB
AnonPages:       3778168 kB
Mapped:            30948 kB
Shmem:             37576 kB
Slab:             145144 kB
SReclaimable:      57924 kB
SUnreclaim:        87220 kB
KernelStack:       16320 kB
PageTables:        57480 kB
NFS_Unstable:          0 kB
Bounce:                0 kB
WritebackTmp:          0 kB
CommitLimit:     3549956 kB
Committed_AS:   10201564 kB
VmallocTotal:   34359738367 kB
VmallocUsed:           0 kB
VmallocChunk:          0 kB
HardwareCorrupted:     0 kB
AnonHugePages:         0 kB
ShmemHugePages:        0 kB
ShmemPmdMapped:        0 kB
CmaTotal:              0 kB
CmaFree:               0 kB
HugePages_Total:       0
HugePages_Free:        0
HugePages_Rsvd:        0
HugePages_Surp:        0
Hugepagesize:       2048 kB
DirectMap4k:      274240 kB
DirectMap2M:     5025792 kB
DirectMap1G:     1048576 kB


CPU:total 2 (initial active 2) (1 cores per cpu, 1 threads per core) family 6 model 158 stepping 9, cmov, cx8, fxsr, mmx, sse, sse2, sse3, ssse3, sse4.1, sse4.2, popcnt, avx, avx2, aes, clmul, erms, 3dnowpref, lzcnt, tsc, tscinvbit, bmi1, bmi2, adx

/proc/cpuinfo:
processor	: 0
vendor_id	: GenuineIntel
cpu family	: 6
model		: 158
model name	: Intel(R) Core(TM) i5-7300HQ CPU @ 2.50GHz
stepping	: 9
microcode	: 0x84
cpu MHz		: 2495.999
cache size	: 6144 KB
physical id	: 0
siblings	: 1
core id		: 0
cpu cores	: 1
apicid		: 0
initial apicid	: 0
fpu		: yes
fpu_exception	: yes
cpuid level	: 22
wp		: yes
flags		: fpu vme de pse tsc msr pae mce cx8 apic sep mtrr pge mca cmov pat pse36 clflush mmx fxsr sse sse2 ss syscall nx pdpe1gb rdtscp lm constant_tsc arch_perfmon nopl xtopology tsc_reliable nonstop_tsc cpuid pni pclmulqdq ssse3 fma cx16 pcid sse4_1 sse4_2 x2apic movbe popcnt tsc_deadline_timer aes xsave avx f16c rdrand hypervisor lahf_lm abm 3dnowprefetch cpuid_fault invpcid_single pti ibrs ibpb stibp fsgsbase tsc_adjust bmi1 avx2 smep bmi2 invpcid mpx rdseed adx smap clflushopt xsaveopt xsavec xsaves arat arch_capabilities
bugs		: cpu_meltdown spectre_v1 spectre_v2 spec_store_bypass l1tf mds
bogomips	: 4991.99
clflush size	: 64
cache_alignment	: 64
address sizes	: 43 bits physical, 48 bits virtual
power management:

processor	: 1
vendor_id	: GenuineIntel
cpu family	: 6
model		: 158
model name	: Intel(R) Core(TM) i5-7300HQ CPU @ 2.50GHz
stepping	: 9
microcode	: 0x84
cpu MHz		: 2495.999
cache size	: 6144 KB
physical id	: 2
siblings	: 1
core id		: 0
cpu cores	: 1
apicid		: 2
initial apicid	: 2
fpu		: yes
fpu_exception	: yes
cpuid level	: 22
wp		: yes
flags		: fpu vme de pse tsc msr pae mce cx8 apic sep mtrr pge mca cmov pat pse36 clflush mmx fxsr sse sse2 ss syscall nx pdpe1gb rdtscp lm constant_tsc arch_perfmon nopl xtopology tsc_reliable nonstop_tsc cpuid pni pclmulqdq ssse3 fma cx16 pcid sse4_1 sse4_2 x2apic movbe popcnt tsc_deadline_timer aes xsave avx f16c rdrand hypervisor lahf_lm abm 3dnowprefetch cpuid_fault invpcid_single pti ibrs ibpb stibp fsgsbase tsc_adjust bmi1 avx2 smep bmi2 invpcid mpx rdseed adx smap clflushopt xsaveopt xsavec xsaves arat arch_capabilities
bugs		: cpu_meltdown spectre_v1 spectre_v2 spec_store_bypass l1tf mds
bogomips	: 4991.99
clflush size	: 64
cache_alignment	: 64
address sizes	: 43 bits physical, 48 bits virtual
power management:



Memory: 4k page, physical 5103124k(98048k free), swap 998396k(0k free)

vm_info: Java HotSpot(TM) 64-Bit Server VM (25.171-b11) for linux-amd64 JRE (1.8.0_171-b11), built on Mar 28 2018 17:07:08 by "java_re" with gcc 4.3.0 20080428 (Red Hat 4.3.0-8)

time: Fri Jun  7 09:07:38 2019
elapsed time: 81 seconds (0d 0h 1m 21s)

